已經開始建置於 2014/2/21 上午 12:45:17。
     1>節點 2 (Build 目標) 上的專案 "c:\Users\acer\documents\visual studio 2013\Projects\DS01\DS01\DS01.vcxproj"。
     1>Link:
         D:\Visual Studio Professional 2013\VC\bin\link.exe /ERRORREPORT:PROMPT /OUT:"c:\users\acer\documents\visual studio 2013\Projects\DS01\Debug\DS01.exe" /INCREMENTAL /NOLOGO kernel32.lib user32.lib gdi32.lib winspool.lib comdlg32.lib advapi32.lib shell32.lib ole32.lib oleaut32.lib uuid.lib odbc32.lib odbccp32.lib /MANIFEST /MANIFESTUAC:"level='asInvoker' uiAccess='false'" /manifest:embed /DEBUG /PDB:"c:\users\acer\documents\visual studio 2013\Projects\DS01\Debug\DS01.pdb" /TLBID:1 /DYNAMICBASE /NXCOMPAT /IMPLIB:"c:\users\acer\documents\visual studio 2013\Projects\DS01\Debug\DS01.lib" /MACHINE:X86 "Debug\DS01-2.obj"
         Debug\DS01.obj
     1>DS01.obj : error LNK2005: _main 已在 DS01-2.obj 中定義過了
     1>c:\users\acer\documents\visual studio 2013\Projects\DS01\Debug\DS01.exe : fatal error LNK1169: 找到有一或多個已定義的符號
     1>專案 "c:\Users\acer\documents\visual studio 2013\Projects\DS01\DS01\DS01.vcxproj" (Build 目標) 建置完成 -- 失敗。

建置失敗。

經過時間 00:00:00.39
